<?xml version="1.0" encoding="UTF-8"?>
<!-- Generated by org.testng.reporters.JUnitReportReporter -->
<testsuite skipped="0" hostname="ZSHOP-LP-57" name="com.website.ezmall.qa.pageTest.HomePageTest" tests="5" failures="0" timestamp="26 Dec 2018 09:07:02 GMT" time="78.077" errors="0">
  <testcase name="validateEzmalogo" time="8.025" classname="com.website.ezmall.qa.pageTest.HomePageTest"/>
  <testcase name="validateSearchFuntionalityTest" time="22.788" classname="com.website.ezmall.qa.pageTest.HomePageTest"/>
  <testcase name="validateSearchFuntionalityTest" time="20.622" classname="com.website.ezmall.qa.pageTest.HomePageTest"/>
  <testcase name="validateLoginFunctionalityTest" time="12.873" classname="com.website.ezmall.qa.pageTest.HomePageTest"/>
  <testcase name="validateLoginFunctionalityTest" time="13.769" classname="com.website.ezmall.qa.pageTest.HomePageTest"/>
</testsuite> <!-- com.website.ezmall.qa.pageTest.HomePageTest -->
