<?xml version="1.0" encoding="UTF-8"?>
<!-- Generated by org.testng.reporters.JUnitReportReporter -->
<testsuite skipped="0" hostname="ZSHOP-LP-57" name="com.website.ezmall.qa.pageTest.SearchListingpageTest" tests="1" failures="0" timestamp="25 Dec 2018 19:57:59 GMT" time="23.532" errors="0">
  <testcase name="validateSearchKeywordonSearchListingPageTest" time="23.532" classname="com.website.ezmall.qa.pageTest.SearchListingpageTest"/>
</testsuite> <!-- com.website.ezmall.qa.pageTest.SearchListingpageTest -->
